<?xml version="1.0" encoding="UTF-8"?>
<!-- Generated by org.testng.reporters.JUnitXMLReporter -->
<testsuite hostname="FB3TPUDGHJIMGYE" name="AddBlackWhiteList function" tests="4" failures="0" timestamp="27 Jan 2014 03:42:47 GMT" time="14.655" errors="0">
  <testcase name="login" time="2.278" classname="com.ipinyou.testcase.dsp.AddBlackWhiteList"/>
  <testcase name="switchlist" time="2.273" classname="com.ipinyou.testcase.dsp.AddBlackWhiteList"/>
  <testcase name="createblacklist" time="2.682" classname="com.ipinyou.testcase.dsp.AddBlackWhiteList"/>
  <testcase name="createwhitelist" time="2.908" classname="com.ipinyou.testcase.dsp.AddBlackWhiteList"/>
</testsuite> <!-- AddBlackWhiteList function -->
