<?xml version="1.0" encoding="UTF-8"?>
<!-- Generated by org.testng.reporters.JUnitXMLReporter -->
<testsuite hostname="Brook" name="advaudit function" tests="3" failures="0" timestamp="6 Nov 2013 09:53:33 GMT" time="8.491" errors="0">
  <testcase name="login" time="2.337" classname="com.ipinyou.testcase.AdvAudit"/>
  <testcase name="advaudit" time="0.296" classname="com.ipinyou.testcase.AdvAudit"/>
  <testcase name="interioraudit" time="0.216" classname="com.ipinyou.testcase.AdvAudit"/>
</testsuite> <!-- advaudit function -->
