<?xml version="1.0" encoding="UTF-8"?>
<!-- Generated by org.testng.reporters.JUnitXMLReporter -->
<testsuite hostname="FB3TPUDGHJIMGYE" name="advertiser function" tests="3" failures="0" timestamp="24 Apr 2014 08:02:42 GMT" time="13.194" errors="0">
  <testcase name="login" time="2.536" classname="com.ipinyou.testcase.dsp.Advertiser"/>
  <testcase name="createad" time="4.287" classname="com.ipinyou.testcase.dsp.Advertiser"/>
  <testcase name="check" time="0.006" classname="com.ipinyou.testcase.dsp.Advertiser"/>
</testsuite> <!-- advertiser function -->
