<?xml version="1.0" encoding="UTF-8"?>
<!-- Generated by org.testng.reporters.JUnitXMLReporter -->
<testsuite hostname="FB3TPUDGHJIMGYE" name="advinterioraudit function" tests="3" failures="0" timestamp="24 Apr 2014 08:03:07 GMT" time="11.99" errors="0">
  <testcase name="login" time="2.839" classname="com.ipinyou.testcase.dsp.CompanyAudit"/>
  <testcase name="companyaudit" time="3.607" classname="com.ipinyou.testcase.dsp.CompanyAudit"/>
  <testcase name="check" time="0.053" classname="com.ipinyou.testcase.dsp.CompanyAudit"/>
</testsuite> <!-- advinterioraudit function -->
