<?xml version="1.0" encoding="UTF-8"?>
<!-- Generated by org.testng.reporters.JUnitXMLReporter -->
<testsuite hostname="FB3TPUDGHJIMGYE" name="advinteriorauditcompany function" tests="3" failures="0" timestamp="14 Apr 2014 02:21:00 GMT" time="11.826" errors="0">
  <testcase name="login" time="2.586" classname="com.ipinyou.testcase.dsp.CompanyAudit"/>
  <testcase name="companyaudit" time="3.467" classname="com.ipinyou.testcase.dsp.CompanyAudit"/>
  <testcase name="check" time="0.123" classname="com.ipinyou.testcase.dsp.CompanyAudit"/>
</testsuite> <!-- advinteriorauditcompany function -->
