<?xml version="1.0" encoding="UTF-8"?>
<!-- Generated by org.testng.reporters.JUnitXMLReporter -->
<testsuite hostname="FB3TPUDGHJIMGYE" name="advnameaudit function" tests="3" failures="0" timestamp="24 Apr 2014 08:02:55 GMT" time="12.415" errors="0">
  <testcase name="login" time="3.49" classname="com.ipinyou.testcase.dsp.AdvInteriorAudit"/>
  <testcase name="interioraudit" time="2.691" classname="com.ipinyou.testcase.dsp.AdvInteriorAudit"/>
  <testcase name="check" time="0.05" classname="com.ipinyou.testcase.dsp.AdvInteriorAudit"/>
</testsuite> <!-- advnameaudit function -->
