<?xml version="1.0" encoding="UTF-8"?>
<!-- Generated by org.testng.reporters.JUnitXMLReporter -->
<testsuite hostname="FB3TPUDGHJIMGYE" name="agency function" tests="4" failures="0" timestamp="22 Apr 2014 08:17:05 GMT" time="45.862" errors="0">
  <testcase name="login" time="8.535" classname="com.ipinyou.testcase.agency.CreateAgency"/>
  <testcase name="backmannage" time="7.045" classname="com.ipinyou.testcase.agency.CreateAgency"/>
  <testcase name="createagency" time="15.1" classname="com.ipinyou.testcase.agency.CreateAgency"/>
  <testcase name="check" time="2.322" classname="com.ipinyou.testcase.agency.CreateAgency"/>
</testsuite> <!-- agency function -->
