<?xml version="1.0" encoding="UTF-8"?>
<!-- Generated by org.testng.reporters.JUnitXMLReporter -->
<testsuite hostname="FB3TPUDGHJIMGYE" name="batchaddblacklist function" tests="4" failures="0" timestamp="24 Apr 2014 07:24:21 GMT" time="21.543" errors="0">
  <testcase name="login" time="1.716" classname="com.ipinyou.testcase.batch.BatchAddBlacklist"/>
  <testcase name="search" time="6.637" classname="com.ipinyou.testcase.batch.BatchAddBlacklist"/>
  <testcase name="batchaddblacklist" time="3.757" classname="com.ipinyou.testcase.batch.BatchAddBlacklist"/>
  <testcase name="check" time="3.201" classname="com.ipinyou.testcase.batch.BatchAddBlacklist"/>
</testsuite> <!-- batchaddblacklist function -->
