<?xml version="1.0" encoding="UTF-8"?>
<!-- Generated by org.testng.reporters.JUnitXMLReporter -->
<testsuite hostname="FB3TPUDGHJIMGYE" name="batchupdatecreativeurl function" tests="5" failures="0" timestamp="24 Apr 2014 03:20:56 GMT" time="24.138" errors="0">
  <testcase name="login" time="1.704" classname="com.ipinyou.testcase.batch.BatchUpdataCreativeUrl"/>
  <testcase name="search" time="8.43" classname="com.ipinyou.testcase.batch.BatchUpdataCreativeUrl"/>
  <testcase name="batchupdatecreativearrive" time="4.715" classname="com.ipinyou.testcase.batch.BatchUpdataCreativeUrl"/>
  <testcase name="batchupdatecreativeclick" time="1.975" classname="com.ipinyou.testcase.batch.BatchUpdataCreativeUrl"/>
  <testcase name="batchupdatetrack" time="1.993" classname="com.ipinyou.testcase.batch.BatchUpdataCreativeUrl"/>
</testsuite> <!-- batchupdatecreativeurl function -->
