<?xml version="1.0" encoding="UTF-8"?>
<!-- Generated by org.testng.reporters.JUnitXMLReporter -->
<testsuite hostname="FB3TPUDGHJIMGYE" name="batchcopystrategymobweb function" tests="4" failures="0" timestamp="24 Apr 2014 07:30:33 GMT" time="27.966" errors="0">
  <testcase name="login" time="1.593" classname="com.ipinyou.testcase.batch.Mobile.BatchCopyStrategyMobWeb"/>
  <testcase name="search" time="7.191" classname="com.ipinyou.testcase.batch.Mobile.BatchCopyStrategyMobWeb"/>
  <testcase name="batchcopy" time="3.561" classname="com.ipinyou.testcase.batch.Mobile.BatchCopyStrategyMobWeb"/>
  <testcase name="check" time="9.842" classname="com.ipinyou.testcase.batch.Mobile.BatchCopyStrategyMobWeb"/>
</testsuite> <!-- batchcopystrategymobweb function -->
