<?xml version="1.0" encoding="UTF-8"?>
<!-- Generated by org.testng.reporters.JUnitXMLReporter -->
<testsuite hostname="FB3TPUDGHJIMGYE" name="batchupdatecreativetheme.xml function" tests="5" failures="0" timestamp="24 Apr 2014 03:21:16 GMT" time="19.819" errors="0">
  <testcase name="login" time="1.769" classname="com.ipinyou.testcase.batch.BatchUpdateCreativeTheme"/>
  <testcase name="search" time="9.013" classname="com.ipinyou.testcase.batch.BatchUpdateCreativeTheme"/>
  <testcase name="batchupdatecreativetheme" time="1.01" classname="com.ipinyou.testcase.batch.BatchUpdateCreativeTheme"/>
  <testcase name="check" time="0.0" classname="com.ipinyou.testcase.batch.BatchUpdateCreativeTheme"/>
  <testcase name="recover" time="2.404" classname="com.ipinyou.testcase.batch.BatchUpdateCreativeTheme"/>
</testsuite> <!-- batchupdatecreativetheme.xml function -->
