<?xml version="1.0" encoding="UTF-8"?>
<!-- Generated by org.testng.reporters.JUnitXMLReporter -->
<testsuite hostname="FB3TPUDGHJIMGYE" name="batchopenplan function" tests="5" failures="0" timestamp="24 Apr 2014 07:22:09 GMT" time="14.517" errors="0">
  <testcase name="login" time="1.564" classname="com.ipinyou.testcase.batch.BatchOpenPlan"/>
  <testcase name="search" time="3.554" classname="com.ipinyou.testcase.batch.BatchOpenPlan"/>
  <testcase name="batchopen" time="0.206" classname="com.ipinyou.testcase.batch.BatchOpenPlan"/>
  <testcase name="check1" time="1.823" classname="com.ipinyou.testcase.batch.BatchOpenPlan"/>
  <testcase name="check2" time="1.701" classname="com.ipinyou.testcase.batch.BatchOpenPlan"/>
</testsuite> <!-- batchopenplan function -->
