<?xml version="1.0" encoding="UTF-8"?>
<!-- Generated by org.testng.reporters.JUnitXMLReporter -->
<testsuite hostname="FB3TPUDGHJIMGYE" name="batchstrategy" tests="4" failures="0" timestamp="24 Apr 2014 07:22:41 GMT" time="17.262" errors="0">
  <testcase name="login" time="1.508" classname="com.ipinyou.testcase.batch.BatchStrategy"/>
  <testcase name="search" time="6.055" classname="com.ipinyou.testcase.batch.BatchStrategy"/>
  <testcase name="instrategy" time="1.362" classname="com.ipinyou.testcase.batch.BatchStrategy"/>
  <testcase name="createstrategy" time="2.202" classname="com.ipinyou.testcase.batch.BatchStrategy"/>
</testsuite> <!-- batchstrategy -->
