<?xml version="1.0" encoding="UTF-8"?>
<!-- Generated by org.testng.reporters.JUnitXMLReporter -->
<testsuite hostname="FB3TPUDGHJIMGYE" name="batchuploadcreativeapp function" tests="4" failures="0" timestamp="24 Apr 2014 07:30:55 GMT" time="22.173" errors="0">
  <testcase name="login" time="1.455" classname="com.ipinyou.testcase.batch.Mobile.BatchUploadCreativeApp"/>
  <testcase name="search" time="5.757" classname="com.ipinyou.testcase.batch.Mobile.BatchUploadCreativeApp"/>
  <testcase name="batchupload" time="7.222" classname="com.ipinyou.testcase.batch.Mobile.BatchUploadCreativeApp"/>
  <testcase name="check" time="2.22" classname="com.ipinyou.testcase.batch.Mobile.BatchUploadCreativeApp"/>
</testsuite> <!-- batchuploadcreativeapp function -->
