<?xml version="1.0" encoding="UTF-8"?>
<!-- Generated by org.testng.reporters.JUnitXMLReporter -->
<testsuite hostname="FB3TPUDGHJIMGYE" name="batchaddblacklistweb function" tests="4" failures="0" timestamp="24 Apr 2014 07:28:52 GMT" time="27.993" errors="0">
  <testcase name="login" time="2.074" classname="com.ipinyou.testcase.batch.Mobile.BatchAddBlacklistMobWeb"/>
  <testcase name="search" time="9.677" classname="com.ipinyou.testcase.batch.Mobile.BatchAddBlacklistMobWeb"/>
  <testcase name="batchaddblacklist" time="7.426" classname="com.ipinyou.testcase.batch.Mobile.BatchAddBlacklistMobWeb"/>
  <testcase name="check" time="2.51" classname="com.ipinyou.testcase.batch.Mobile.BatchAddBlacklistMobWeb"/>
</testsuite> <!-- batchaddblacklistweb function -->
