<?xml version="1.0" encoding="UTF-8"?>
<!-- Generated by org.testng.reporters.JUnitXMLReporter -->
<testsuite hostname="FB3TPUDGHJIMGYE" name="batchopenstrategy function" tests="5" failures="0" timestamp="24 Apr 2014 07:22:58 GMT" time="16.875" errors="0">
  <testcase name="login" time="1.586" classname="com.ipinyou.testcase.batch.BatchOpenStrategy"/>
  <testcase name="search" time="5.742" classname="com.ipinyou.testcase.batch.BatchOpenStrategy"/>
  <testcase name="batchopen" time="1.228" classname="com.ipinyou.testcase.batch.BatchOpenStrategy"/>
  <testcase name="check1" time="1.237" classname="com.ipinyou.testcase.batch.BatchOpenStrategy"/>
  <testcase name="check2" time="1.413" classname="com.ipinyou.testcase.batch.BatchOpenStrategy"/>
</testsuite> <!-- batchopenstrategy function -->
