<?xml version="1.0" encoding="UTF-8"?>
<!-- Generated by org.testng.reporters.JUnitXMLReporter -->
<testsuite hostname="FB3TPUDGHJIMGYE" name="batchaddblacklistapp function" tests="4" failures="0" timestamp="24 Apr 2014 07:29:13 GMT" time="21.866" errors="0">
  <testcase name="login" time="1.999" classname="com.ipinyou.testcase.batch.Mobile.BatchAddBlacklistMobApp"/>
  <testcase name="search" time="7.757" classname="com.ipinyou.testcase.batch.Mobile.BatchAddBlacklistMobApp"/>
  <testcase name="batchaddblacklist" time="3.188" classname="com.ipinyou.testcase.batch.Mobile.BatchAddBlacklistMobApp"/>
  <testcase name="check" time="2.567" classname="com.ipinyou.testcase.batch.Mobile.BatchAddBlacklistMobApp"/>
</testsuite> <!-- batchaddblacklistapp function -->
