<?xml version="1.0" encoding="UTF-8"?>
<!-- Generated by org.testng.reporters.JUnitXMLReporter -->
<testsuite hostname="FB3TPUDGHJIMGYE" name="batchmobplan" tests="5" failures="0" timestamp="24 Apr 2014 07:29:33 GMT" time="19.207" errors="0">
  <testcase name="login" time="1.354" classname="com.ipinyou.testcase.dsp.BatchMobPlan"/>
  <testcase name="search" time="3.728" classname="com.ipinyou.testcase.dsp.BatchMobPlan"/>
  <testcase name="inplan" time="2.814" classname="com.ipinyou.testcase.dsp.BatchMobPlan"/>
  <testcase name="createplan" time="3.159" classname="com.ipinyou.testcase.dsp.BatchMobPlan"/>
  <testcase name="check" time="2.469" classname="com.ipinyou.testcase.dsp.BatchMobPlan"/>
</testsuite> <!-- batchmobplan -->
