<?xml version="1.0" encoding="UTF-8"?>
<!-- Generated by org.testng.reporters.JUnitXMLReporter -->
<testsuite hostname="FB3TPUDGHJIMGYE" name="batchupdatecreativearrive function" tests="6" failures="0" timestamp="17 Dec 2013 06:54:00 GMT" time="27.501" errors="0">
  <testcase name="login" time="2.481" classname="com.ipinyou.testcase.batch.BatchUpdataCreativeArrive"/>
  <testcase name="search" time="9.161" classname="com.ipinyou.testcase.batch.BatchUpdataCreativeArrive"/>
  <testcase name="batchupdatecreativearrive" time="3.617" classname="com.ipinyou.testcase.batch.BatchUpdataCreativeArrive"/>
  <testcase name="batchupdatecreativeclick" time="2.502" classname="com.ipinyou.testcase.batch.BatchUpdataCreativeArrive"/>
  <testcase name="batchupdatetrack" time="2.504" classname="com.ipinyou.testcase.batch.BatchUpdataCreativeArrive"/>
  <testcase name="check" time="0.116" classname="com.ipinyou.testcase.batch.BatchUpdataCreativeArrive"/>
</testsuite> <!-- batchupdatecreativearrive function -->
