<?xml version="1.0" encoding="UTF-8"?>
<!-- Generated by org.testng.reporters.JUnitXMLReporter -->
<testsuite hostname="FB3TPUDGHJIMGYE" name="batchcopystrategy function" tests="4" failures="0" timestamp="24 Apr 2014 07:24:41 GMT" time="19.324" errors="0">
  <testcase name="login" time="1.507" classname="com.ipinyou.testcase.batch.BatchCopyStrategy"/>
  <testcase name="search" time="6.02" classname="com.ipinyou.testcase.batch.BatchCopyStrategy"/>
  <testcase name="batchcopy" time="3.553" classname="com.ipinyou.testcase.batch.BatchCopyStrategy"/>
  <testcase name="check" time="2.525" classname="com.ipinyou.testcase.batch.BatchCopyStrategy"/>
</testsuite> <!-- batchcopystrategy function -->
