<?xml version="1.0" encoding="UTF-8"?>
<!-- Generated by org.testng.reporters.JUnitXMLReporter -->
<testsuite hostname="FB3TPUDGHJIMGYE" name="batcheditmobstrategyapp function" tests="4" failures="0" timestamp="24 Apr 2014 07:27:44 GMT" time="41.889" errors="0">
  <testcase name="login" time="1.528" classname="com.ipinyou.testcase.batch.Mobile.BatchEditStrategyMobApp"/>
  <testcase name="search" time="9.583" classname="com.ipinyou.testcase.batch.Mobile.BatchEditStrategyMobApp"/>
  <testcase name="batchedit" time="21.314" classname="com.ipinyou.testcase.batch.Mobile.BatchEditStrategyMobApp"/>
  <testcase name="check" time="3.553" classname="com.ipinyou.testcase.batch.Mobile.BatchEditStrategyMobApp"/>
</testsuite> <!-- batcheditmobstrategyapp function -->
