<?xml version="1.0" encoding="UTF-8"?>
<!-- Generated by org.testng.reporters.JUnitXMLReporter -->
<testsuite hostname="FB3TPUDGHJIMGYE" name="batchcloseplan function" tests="5" failures="0" timestamp="24 Apr 2014 07:22:24 GMT" time="14.715" errors="0">
  <testcase name="login" time="1.746" classname="com.ipinyou.testcase.batch.BatchClosePlan"/>
  <testcase name="search" time="3.435" classname="com.ipinyou.testcase.batch.BatchClosePlan"/>
  <testcase name="batchclose" time="2.254" classname="com.ipinyou.testcase.batch.BatchClosePlan"/>
  <testcase name="check1" time="0.881" classname="com.ipinyou.testcase.batch.BatchClosePlan"/>
  <testcase name="check2" time="0.724" classname="com.ipinyou.testcase.batch.BatchClosePlan"/>
</testsuite> <!-- batchcloseplan function -->
