<?xml version="1.0" encoding="UTF-8"?>
<!-- Generated by org.testng.reporters.JUnitXMLReporter -->
<testsuite hostname="FB3TPUDGHJIMGYE" name="batchcopystrategymobapp function" tests="4" failures="0" timestamp="24 Apr 2014 07:30:05 GMT" time="32.364" errors="0">
  <testcase name="login" time="2.181" classname="com.ipinyou.testcase.batch.Mobile.BatchCopyStrategyMobApp"/>
  <testcase name="search" time="9.343" classname="com.ipinyou.testcase.batch.Mobile.BatchCopyStrategyMobApp"/>
  <testcase name="batchcopy" time="3.534" classname="com.ipinyou.testcase.batch.Mobile.BatchCopyStrategyMobApp"/>
  <testcase name="check" time="12.098" classname="com.ipinyou.testcase.batch.Mobile.BatchCopyStrategyMobApp"/>
</testsuite> <!-- batchcopystrategymobapp function -->
