<?xml version="1.0" encoding="UTF-8"?>
<!-- Generated by org.testng.reporters.JUnitXMLReporter -->
<testsuite hostname="FB3TPUDGHJIMGYE" name="batchclosestrategy function" tests="5" failures="0" timestamp="24 Apr 2014 07:23:16 GMT" time="17.558" errors="0">
  <testcase name="login" time="1.858" classname="com.ipinyou.testcase.batch.BatchCloseStrategy"/>
  <testcase name="search" time="5.504" classname="com.ipinyou.testcase.batch.BatchCloseStrategy"/>
  <testcase name="batchclose" time="2.305" classname="com.ipinyou.testcase.batch.BatchCloseStrategy"/>
  <testcase name="check1" time="1.284" classname="com.ipinyou.testcase.batch.BatchCloseStrategy"/>
  <testcase name="check2" time="1.219" classname="com.ipinyou.testcase.batch.BatchCloseStrategy"/>
</testsuite> <!-- batchclosestrategy function -->
