<?xml version="1.0" encoding="UTF-8"?>
<!-- Generated by org.testng.reporters.JUnitXMLReporter -->
<testsuite hostname="FB3TPUDGHJIMGYE" name="batchclosecreative function" tests="4" failures="0" timestamp="24 Apr 2014 03:20:32 GMT" time="17.299" errors="0">
  <testcase name="login" time="1.746" classname="com.ipinyou.testcase.batch.BatchCloseCreative"/>
  <testcase name="search" time="9.092" classname="com.ipinyou.testcase.batch.BatchCloseCreative"/>
  <testcase name="batchclosecreative" time="0.254" classname="com.ipinyou.testcase.batch.BatchCloseCreative"/>
  <testcase name="check" time="0.212" classname="com.ipinyou.testcase.batch.BatchCloseCreative"/>
</testsuite> <!-- batchclosecreative function -->
