<?xml version="1.0" encoding="UTF-8"?>
<!-- Generated by org.testng.reporters.JUnitXMLReporter -->
<testsuite hostname="FB3TPUDGHJIMGYE" name="channel function" tests="3" failures="0" timestamp="12 Mar 2014 06:26:17 GMT" time="15.73" errors="0">
  <testcase name="login" time="1.624" classname="com.ipinyou.testcase.mediamannage.Channel"/>
  <testcase name="switchmedia" time="0.619" classname="com.ipinyou.testcase.mediamannage.Channel"/>
  <testcase name="createwebsuit" time="2.166" classname="com.ipinyou.testcase.mediamannage.Channel"/>
</testsuite> <!-- channel function -->
