<?xml version="1.0" encoding="UTF-8"?>
<!-- Generated by org.testng.reporters.JUnitXMLReporter -->
<testsuite hostname="FB3TPUDGHJIMGYE" name="codecenter function" tests="6" failures="0" timestamp="24 Apr 2014 08:03:42 GMT" time="23.879" errors="0">
  <testcase name="login" time="1.603" classname="com.ipinyou.testcase.codecenter.CodeCenter"/>
  <testcase name="codecenter" time="4.143" classname="com.ipinyou.testcase.codecenter.CodeCenter"/>
  <testcase name="createcategory" time="2.476" classname="com.ipinyou.testcase.codecenter.CodeCenter"/>
  <testcase name="createpageconversion" time="2.428" classname="com.ipinyou.testcase.codecenter.CodeCenter"/>
  <testcase name="createcategory1" time="2.266" classname="com.ipinyou.testcase.codecenter.CodeCenter"/>
  <testcase name="createpageconversion1" time="2.863" classname="com.ipinyou.testcase.codecenter.CodeCenter"/>
</testsuite> <!-- codecenter function -->
