<?xml version="1.0" encoding="UTF-8"?>
<!-- Generated by org.testng.reporters.JUnitXMLReporter -->
<testsuite hostname="FB3TPUDGHJIMGYE" name="creative function" tests="5" failures="0" timestamp="14 Apr 2014 02:39:24 GMT" time="21.243" errors="0">
  <testcase name="login" time="1.63" classname="com.ipinyou.testcase.selfadvertiser.Creative"/>
  <testcase name="search" time="6.092" classname="com.ipinyou.testcase.selfadvertiser.Creative"/>
  <testcase name="increative" time="0.942" classname="com.ipinyou.testcase.selfadvertiser.Creative"/>
  <testcase name="selcreative" time="3.551" classname="com.ipinyou.testcase.selfadvertiser.Creative"/>
  <testcase name="completecreative" time="3.59" classname="com.ipinyou.testcase.selfadvertiser.Creative"/>
</testsuite> <!-- creative function -->
