<?xml version="1.0" encoding="UTF-8"?>
<!-- Generated by org.testng.reporters.JUnitXMLReporter -->
<testsuite hostname="FB3TPUDGHJIMGYE" name="dynamiccreative function" tests="2" failures="0" timestamp="28 Feb 2014 03:57:35 GMT" time="10.958" errors="0">
  <testcase name="login" time="2.796" classname="com.ipinyou.testcase.dsp.DynamicCreative"/>
  <testcase name="dynamiccreative" time="2.067" classname="com.ipinyou.testcase.dsp.DynamicCreative"/>
</testsuite> <!-- dynamiccreative function -->
