<?xml version="1.0" encoding="UTF-8"?>
<!-- Generated by org.testng.reporters.JUnitXMLReporter -->
<testsuite hostname="FB3TPUDGHJIMGYE" name="mobileappstrategy function" tests="5" failures="0" timestamp="24 Apr 2014 07:26:04 GMT" time="43.685" errors="0">
  <testcase name="login" time="1.676" classname="com.ipinyou.testcase.mobile.MobileAppStrategy"/>
  <testcase name="search" time="5.752" classname="com.ipinyou.testcase.mobile.MobileAppStrategy"/>
  <testcase name="instrategy" time="1.182" classname="com.ipinyou.testcase.mobile.MobileAppStrategy"/>
  <testcase name="mobilestrategy" time="24.936" classname="com.ipinyou.testcase.mobile.MobileAppStrategy"/>
  <testcase name="check" time="5.379" classname="com.ipinyou.testcase.mobile.MobileAppStrategy"/>
</testsuite> <!-- mobileappstrategy function -->
