<?xml version="1.0" encoding="UTF-8"?>
<!-- Generated by org.testng.reporters.JUnitXMLReporter -->
<testsuite hostname="FB3TPUDGHJIMGYE" name="mobilewebstrategy function" tests="5" failures="0" timestamp="24 Apr 2014 07:26:53 GMT" time="49.944" errors="0">
  <testcase name="login" time="2.307" classname="com.ipinyou.testcase.mobile.MobileWebStrategy"/>
  <testcase name="search" time="6.394" classname="com.ipinyou.testcase.mobile.MobileWebStrategy"/>
  <testcase name="instrategy" time="1.059" classname="com.ipinyou.testcase.mobile.MobileWebStrategy"/>
  <testcase name="mobilestrategy" time="28.703" classname="com.ipinyou.testcase.mobile.MobileWebStrategy"/>
  <testcase name="check" time="5.055" classname="com.ipinyou.testcase.mobile.MobileWebStrategy"/>
</testsuite> <!-- mobilewebstrategy function -->
