<?xml version="1.0" encoding="UTF-8"?>
<!-- Generated by org.testng.reporters.JUnitXMLReporter -->
<testsuite hostname="FB3TPUDGHJIMGYE" name="order function" tests="4" failures="0" timestamp="24 Apr 2014 08:03:56 GMT" time="14.767" errors="0">
  <testcase name="login" time="2.242" classname="com.ipinyou.testcase.dsp.Order"/>
  <testcase name="searchad" time="1.736" classname="com.ipinyou.testcase.dsp.Order"/>
  <testcase name="createorder" time="2.264" classname="com.ipinyou.testcase.dsp.Order"/>
  <testcase name="check" time="2.301" classname="com.ipinyou.testcase.dsp.Order"/>
</testsuite> <!-- order function -->
