<?xml version="1.0" encoding="UTF-8"?>
<!-- Generated by org.testng.reporters.JUnitXMLReporter -->
<testsuite hostname="Brook" name="owput function" tests="9" failures="0" timestamp="29 Sep 2013 03:39:11 GMT" time="42.715" errors="0">
  <testcase name="login" time="1.98" classname="com.ipinyou.testcase.ownmedia.OwnMediaStrategy"/>
  <testcase name="search" time="4.782" classname="com.ipinyou.testcase.ownmedia.OwnMediaStrategy"/>
  <testcase name="instrategy" time="0.078" classname="com.ipinyou.testcase.ownmedia.OwnMediaStrategy"/>
  <testcase name="Createownstrategy" time="4.511" classname="com.ipinyou.testcase.ownmedia.OwnMediaStrategy"/>
  <testcase name="login" time="2.221" classname="com.ipinyou.testcase.ownmedia.OwnMediaCreative"/>
  <testcase name="search" time="6.773" classname="com.ipinyou.testcase.ownmedia.OwnMediaCreative"/>
  <testcase name="increative" time="0.08" classname="com.ipinyou.testcase.ownmedia.OwnMediaCreative"/>
  <testcase name="selcreative" time="8.18" classname="com.ipinyou.testcase.ownmedia.OwnMediaCreative"/>
  <testcase name="completecreative" time="1.767" classname="com.ipinyou.testcase.ownmedia.OwnMediaCreative"/>
</testsuite> <!-- owput function -->
