<?xml version="1.0" encoding="UTF-8"?>
<!-- Generated by org.testng.reporters.JUnitXMLReporter -->
<testsuite hostname="FB3TPUDGHJIMGYE" name="part function" tests="3" failures="0" timestamp="12 Mar 2014 06:26:47 GMT" time="12.267" errors="0">
  <testcase name="login" time="1.318" classname="com.ipinyou.testcase.mediamannage.Part"/>
  <testcase name="switchmedia" time="2.266" classname="com.ipinyou.testcase.mediamannage.Part"/>
  <testcase name="part" time="1.547" classname="com.ipinyou.testcase.mediamannage.Part"/>
</testsuite> <!-- part function -->
