<?xml version="1.0" encoding="UTF-8"?>
<!-- Generated by org.testng.reporters.JUnitXMLReporter -->
<testsuite hostname="FB3TPUDGHJIMGYE" name="plan" tests="5" failures="0" timestamp="24 Apr 2014 08:04:17 GMT" time="20.283" errors="0">
  <testcase name="login" time="1.69" classname="com.ipinyou.testcase.dsp.DspPlan"/>
  <testcase name="search" time="3.729" classname="com.ipinyou.testcase.dsp.DspPlan"/>
  <testcase name="inplan" time="2.784" classname="com.ipinyou.testcase.dsp.DspPlan"/>
  <testcase name="createplan" time="3.644" classname="com.ipinyou.testcase.dsp.DspPlan"/>
  <testcase name="check" time="2.171" classname="com.ipinyou.testcase.dsp.DspPlan"/>
</testsuite> <!-- plan -->
