<?xml version="1.0" encoding="UTF-8"?>
<!-- Generated by org.testng.reporters.JUnitXMLReporter -->
<testsuite hostname="FB3TPUDGHJIMGYE" name="Test" tests="4" failures="0" timestamp="24 Apr 2014 07:21:55 GMT" time="14.984" errors="0">
  <testcase name="login" time="2.227" classname="com.ipinyou.testcase.batch.BatchPlan"/>
  <testcase name="search" time="3.373" classname="com.ipinyou.testcase.batch.BatchPlan"/>
  <testcase name="inplan" time="0.673" classname="com.ipinyou.testcase.batch.BatchPlan"/>
  <testcase name="createplan" time="2.683" classname="com.ipinyou.testcase.batch.BatchPlan"/>
</testsuite> <!-- Test -->
