<?xml version="1.0" encoding="UTF-8"?>
<!-- Generated by org.testng.reporters.JUnitXMLReporter -->
<testsuite hostname="FB3TPUDGHJIMGYE" name="websuit function" tests="3" failures="0" timestamp="12 Mar 2014 06:26:34 GMT" time="17.065" errors="0">
  <testcase name="login" time="1.638" classname="com.ipinyou.testcase.mediamannage.WebSuit"/>
  <testcase name="switchmedia" time="1.427" classname="com.ipinyou.testcase.mediamannage.WebSuit"/>
  <testcase name="websuit" time="1.869" classname="com.ipinyou.testcase.mediamannage.WebSuit"/>
</testsuite> <!-- websuit function -->
