<?xml version="1.0" encoding="UTF-8"?>
<!-- Generated by org.testng.reporters.JUnitXMLReporter -->
<testsuite hostname="FB3TPUDGHJIMGYE" name="AlgorithmPlan function" tests="5" failures="0" timestamp="24 Apr 2014 03:29:21 GMT" time="14.323" errors="0">
  <testcase name="login" time="1.883" classname="com.ipinyou.testcase.dsp.strategy.AlgorithmPlan"/>
  <testcase name="search" time="3.774" classname="com.ipinyou.testcase.dsp.strategy.AlgorithmPlan"/>
  <testcase name="inplan" time="0.575" classname="com.ipinyou.testcase.dsp.strategy.AlgorithmPlan"/>
  <testcase name="createplan" time="2.038" classname="com.ipinyou.testcase.dsp.strategy.AlgorithmPlan"/>
  <testcase name="check" time="0.015" classname="com.ipinyou.testcase.dsp.strategy.AlgorithmPlan"/>
</testsuite> <!-- AlgorithmPlan function -->
