<?xml version="1.0" encoding="UTF-8"?>
<!-- Generated by org.testng.reporters.JUnitXMLReporter -->
<testsuite hostname="FB3TPUDGHJIMGYE" name="AlgorithmStrategy function" tests="16" failures="0" timestamp="24 Apr 2014 03:30:28 GMT" time="66.361" errors="0">
  <testcase name="login" time="1.767" classname="com.ipinyou.testcase.dsp.strategy.AlgorithmStrategy"/>
  <testcase name="search" time="6.02" classname="com.ipinyou.testcase.dsp.strategy.AlgorithmStrategy"/>
  <testcase name="instrategy" time="1.247" classname="com.ipinyou.testcase.dsp.strategy.AlgorithmStrategy"/>
  <testcase name="createstrtegy" time="2.147" classname="com.ipinyou.testcase.dsp.strategy.AlgorithmStrategy"/>
  <testcase name="firstcheck" time="3.404" classname="com.ipinyou.testcase.dsp.strategy.AlgorithmStrategy"/>
  <testcase name="firstedit" time="5.846" classname="com.ipinyou.testcase.dsp.strategy.AlgorithmStrategy"/>
  <testcase name="firsteditcheck" time="1.98" classname="com.ipinyou.testcase.dsp.strategy.AlgorithmStrategy"/>
  <testcase name="secondeditstr" time="5.827" classname="com.ipinyou.testcase.dsp.strategy.AlgorithmStrategy"/>
  <testcase name="secondeditcheck" time="1.9" classname="com.ipinyou.testcase.dsp.strategy.AlgorithmStrategy"/>
  <testcase name="openstatus" time="3.594" classname="com.ipinyou.testcase.dsp.strategy.AlgorithmStrategy"/>
  <testcase name="secondcheck" time="4.093" classname="com.ipinyou.testcase.dsp.strategy.AlgorithmStrategy"/>
  <testcase name="copystr" time="6.413" classname="com.ipinyou.testcase.dsp.strategy.AlgorithmStrategy"/>
  <testcase name="editcopystr" time="4.984" classname="com.ipinyou.testcase.dsp.strategy.AlgorithmStrategy"/>
  <testcase name="editcopycheck" time="1.904" classname="com.ipinyou.testcase.dsp.strategy.AlgorithmStrategy"/>
  <testcase name="othereditcopystr" time="7.415" classname="com.ipinyou.testcase.dsp.strategy.AlgorithmStrategy"/>
  <testcase name="othereditcopycheck" time="1.928" classname="com.ipinyou.testcase.dsp.strategy.AlgorithmStrategy"/>
</testsuite> <!-- AlgorithmStrategy function -->
