<?xml version="1.0" encoding="UTF-8"?>
<!-- Generated by org.testng.reporters.JUnitXMLReporter -->
<testsuite hostname="FB3TPUDGHJIMGYE" name="batchstrategy" tests="4" failures="0" timestamp="22 Apr 2014 06:17:31 GMT" time="22.247" errors="0">
  <testcase name="login" time="1.992" classname="com.ipinyou.testcase.batch.BatchStrategy"/>
  <testcase name="search" time="7.265" classname="com.ipinyou.testcase.batch.BatchStrategy"/>
  <testcase name="instrategy" time="1.138" classname="com.ipinyou.testcase.batch.BatchStrategy"/>
  <testcase name="createstrategy" time="2.453" classname="com.ipinyou.testcase.batch.BatchStrategy"/>
</testsuite> <!-- batchstrategy -->
