<?xml version="1.0" encoding="UTF-8"?>
<!-- Generated by org.testng.reporters.JUnitXMLReporter -->
<testsuite hostname="Brook" name="mobilestrategy" tests="5" failures="0" timestamp="1 Nov 2013 02:46:14 GMT" time="31.877" errors="0">
  <testcase name="login" time="2.071" classname="com.ipinyou.testcase.MobileCreative"/>
  <testcase name="search" time="5.236" classname="com.ipinyou.testcase.MobileCreative"/>
  <testcase name="increative" time="0.904" classname="com.ipinyou.testcase.MobileCreative"/>
  <testcase name="selcreative" time="8.091" classname="com.ipinyou.testcase.MobileCreative"/>
  <testcase name="completecreative" time="2.226" classname="com.ipinyou.testcase.MobileCreative"/>
</testsuite> <!-- mobilestrategy -->
