<?xml version="1.0" encoding="UTF-8"?>
<!-- Generated by org.testng.reporters.JUnitXMLReporter -->
<testsuite hostname="FB3TPUDGHJIMGYE" name="mobilewebstrategy function" tests="5" failures="0" timestamp="23 Apr 2014 06:20:52 GMT" time="48.865" errors="0">
  <testcase name="login" time="1.853" classname="com.ipinyou.testcase.mobile.MobileWebStrategy"/>
  <testcase name="search" time="6.061" classname="com.ipinyou.testcase.mobile.MobileWebStrategy"/>
  <testcase name="instrategy" time="1.131" classname="com.ipinyou.testcase.mobile.MobileWebStrategy"/>
  <testcase name="mobilestrategy" time="28.356" classname="com.ipinyou.testcase.mobile.MobileWebStrategy"/>
  <testcase name="check" time="5.063" classname="com.ipinyou.testcase.mobile.MobileWebStrategy"/>
</testsuite> <!-- mobilewebstrategy function -->
