<?xml version="1.0" encoding="UTF-8"?>
<!-- Generated by org.testng.reporters.JUnitXMLReporter -->
<testsuite hostname="FB3TPUDGHJIMGYE" name="mobileappstrategy function" tests="5" failures="0" timestamp="23 Apr 2014 06:19:59 GMT" time="42.452" errors="0">
  <testcase name="login" time="1.583" classname="com.ipinyou.testcase.mobile.MobileAppStrategy"/>
  <testcase name="search" time="5.606" classname="com.ipinyou.testcase.mobile.MobileAppStrategy"/>
  <testcase name="instrategy" time="0.941" classname="com.ipinyou.testcase.mobile.MobileAppStrategy"/>
  <testcase name="mobilestrategy" time="24.515" classname="com.ipinyou.testcase.mobile.MobileAppStrategy"/>
  <testcase name="check" time="4.698" classname="com.ipinyou.testcase.mobile.MobileAppStrategy"/>
</testsuite> <!-- mobileappstrategy function -->
