<?xml version="1.0" encoding="UTF-8"?>
<!-- Generated by org.testng.reporters.JUnitXMLReporter -->
<testsuite hostname="FB3TPUDGHJIMGYE" name="Test" tests="4" failures="0" timestamp="24 Apr 2014 08:07:00 GMT" time="41.008" errors="0">
  <testcase name="login" time="1.454" classname="com.ipinyou.testcase.dsp.Strategy"/>
  <testcase name="search" time="5.45" classname="com.ipinyou.testcase.dsp.Strategy"/>
  <testcase name="instrategy" time="1.223" classname="com.ipinyou.testcase.dsp.Strategy"/>
  <testcase name="createstrategy" time="26.477" classname="com.ipinyou.testcase.dsp.Strategy"/>
</testsuite> <!-- Test -->
