<?xml version="1.0" encoding="UTF-8"?>
<!-- Generated by org.testng.reporters.JUnitXMLReporter -->
<testsuite hostname="Brook" name="uploadhistorycreative" tests="5" failures="0" timestamp="5 Nov 2013 03:47:29 GMT" time="21.538" errors="0">
  <testcase name="login" time="2.202" classname="com.ipinyou.testcase.ownmedia.UploadHisttoryCreative"/>
  <testcase name="search" time="6.175" classname="com.ipinyou.testcase.ownmedia.UploadHisttoryCreative"/>
  <testcase name="increative" time="0.996" classname="com.ipinyou.testcase.ownmedia.UploadHisttoryCreative"/>
  <testcase name="selecthistorycreative" time="3.389" classname="com.ipinyou.testcase.ownmedia.UploadHisttoryCreative"/>
  <testcase name="choosecreative" time="1.967" classname="com.ipinyou.testcase.ownmedia.UploadHisttoryCreative"/>
</testsuite> <!-- uploadhistorycreative -->
