<?xml version="1.0" encoding="UTF-8"?>
<!-- Generated by org.testng.reporters.JUnitXMLReporter -->
<testsuite hostname="FB3TPUDGHJIMGYE" name="status function" tests="3" failures="0" timestamp="19 Dec 2013 09:31:52 GMT" time="18.897" errors="0">
  <testcase name="login" time="2.427" classname="com.ipinyou.testcase.ownmedia.OwnMediaStatus"/>
  <testcase name="search" time="3.52" classname="com.ipinyou.testcase.ownmedia.OwnMediaStatus"/>
  <testcase name="ownmediastatus" time="4.548" classname="com.ipinyou.testcase.ownmedia.OwnMediaStatus"/>
</testsuite> <!-- status function -->
