<?xml version="1.0" encoding="UTF-8"?>
<!-- Generated by org.testng.reporters.JUnitXMLReporter -->
<testsuite hostname="Brook" name="uploadhistorycreative" tests="5" failures="0" timestamp="25 Nov 2013 02:06:15 GMT" time="20.114" errors="0">
  <testcase name="login" time="2.14" classname="com.ipinyou.testcase.ownmedia.UploadHisttoryCreative"/>
  <testcase name="search" time="6.506" classname="com.ipinyou.testcase.ownmedia.UploadHisttoryCreative"/>
  <testcase name="increative" time="0.9" classname="com.ipinyou.testcase.ownmedia.UploadHisttoryCreative"/>
  <testcase name="selecthistorycreative" time="3.153" classname="com.ipinyou.testcase.ownmedia.UploadHisttoryCreative"/>
  <testcase name="choosecreative" time="1.927" classname="com.ipinyou.testcase.ownmedia.UploadHisttoryCreative"/>
</testsuite> <!-- uploadhistorycreative -->
