<?xml version="1.0" encoding="UTF-8"?>
<!-- Generated by org.testng.reporters.JUnitXMLReporter -->
<testsuite hostname="FB3TPUDGHJIMGYE" name="advertiser function" tests="3" failures="0" timestamp="22 Apr 2014 02:14:31 GMT" time="11.591" errors="0">
  <testcase name="login" time="1.414" classname="com.ipinyou.testcase.dsp.Advertiser"/>
  <testcase name="createad" time="5.221" classname="com.ipinyou.testcase.dsp.Advertiser"/>
  <testcase name="check" time="0.014" classname="com.ipinyou.testcase.dsp.Advertiser"/>
</testsuite> <!-- advertiser function -->
