<?xml version="1.0" encoding="UTF-8"?>
<!-- Generated by org.testng.reporters.JUnitXMLReporter -->
<testsuite hostname="FB3TPUDGHJIMGYE" name="batchopenposition function" tests="4" failures="0" timestamp="18 Dec 2013 06:26:41 GMT" time="16.702" errors="0">
  <testcase name="login" time="1.842" classname="com.ipinyou.testcase.mediamannage.BatchOpenPosition"/>
  <testcase name="switchmedia" time="3.289" classname="com.ipinyou.testcase.mediamannage.BatchOpenPosition"/>
  <testcase name="batchopen" time="3.927" classname="com.ipinyou.testcase.mediamannage.BatchOpenPosition"/>
  <testcase name="check" time="0.063" classname="com.ipinyou.testcase.mediamannage.BatchOpenPosition"/>
</testsuite> <!-- batchopenposition function -->
