<?xml version="1.0" encoding="UTF-8"?>
<!-- Generated by org.testng.reporters.JUnitXMLReporter -->
<testsuite hostname="FB3TPUDGHJIMGYE" name="batchcloseposition function" tests="4" failures="0" timestamp="18 Dec 2013 06:30:58 GMT" time="17.864" errors="0">
  <testcase name="login" time="1.626" classname="com.ipinyou.testcase.mediamannage.BatchClosePosition"/>
  <testcase name="switchmedia" time="3.497" classname="com.ipinyou.testcase.mediamannage.BatchClosePosition"/>
  <testcase name="batchclose" time="4.797" classname="com.ipinyou.testcase.mediamannage.BatchClosePosition"/>
  <testcase name="check" time="0.072" classname="com.ipinyou.testcase.mediamannage.BatchClosePosition"/>
</testsuite> <!-- batchcloseposition function -->
