<?xml version="1.0" encoding="UTF-8"?>
<!-- Generated by org.testng.reporters.JUnitXMLReporter -->
<testsuite hostname="FB3TPUDGHJIMGYE" name="batchdownscript function" tests="5" failures="0" timestamp="19 Dec 2013 06:56:24 GMT" time="17.239" errors="0">
  <testcase name="login" time="1.557" classname="com.ipinyou.testcase.mediamannage.BatchDownScript"/>
  <testcase name="switchmedia" time="3.074" classname="com.ipinyou.testcase.mediamannage.BatchDownScript"/>
  <testcase name="batchdown" time="5.514" classname="com.ipinyou.testcase.mediamannage.BatchDownScript"/>
  <testcase name="check" time="0.012" classname="com.ipinyou.testcase.mediamannage.BatchDownScript"/>
  <testcase name="recover" time="0.003" classname="com.ipinyou.testcase.mediamannage.BatchDownScript"/>
</testsuite> <!-- batchdownscript function -->
