<?xml version="1.0" encoding="UTF-8"?>
<!-- Generated by org.testng.reporters.JUnitXMLReporter -->
<testsuite hostname="Brook" name="channel function" tests="3" failures="0" timestamp="4 Nov 2013 07:53:02 GMT" time="13.459" errors="0">
  <testcase name="login" time="1.498" classname="com.ipinyou.testcase.mediamannage.WebSuit"/>
  <testcase name="switchmedia" time="0.719" classname="com.ipinyou.testcase.mediamannage.WebSuit"/>
  <testcase name="websuit" time="2.543" classname="com.ipinyou.testcase.mediamannage.WebSuit"/>
</testsuite> <!-- channel function -->
