<?xml version="1.0" encoding="UTF-8"?>
<!-- Generated by org.testng.reporters.JUnitXMLReporter -->
<testsuite hostname="FB3TPUDGHJIMGYE" name="login function" tests="3" failures="0" timestamp="22 Apr 2014 02:01:23 GMT" time="10.253" errors="0">
  <testcase name="login" time="1.821" classname="com.ipinyou.testcase.onlyadvertiser.TestAdvertiser"/>
  <testcase name="switchurl" time="1.077" classname="com.ipinyou.testcase.onlyadvertiser.TestAdvertiser"/>
  <testcase name="check" time="1.215" classname="com.ipinyou.testcase.onlyadvertiser.TestAdvertiser"/>
</testsuite> <!-- login function -->
