<?xml version="1.0" encoding="UTF-8"?>
<!-- Generated by org.testng.reporters.JUnitXMLReporter -->
<testsuite hostname="FB3TPUDGHJIMGYE" name="order function" tests="6" failures="0" timestamp="21 Apr 2014 03:40:40 GMT" time="18.157" errors="0">
  <testcase name="login" time="1.971" classname="com.ipinyou.testcase.dsp.del.DelOrder"/>
  <testcase name="searchad" time="1.583" classname="com.ipinyou.testcase.dsp.del.DelOrder"/>
  <testcase name="createorder" time="4.076" classname="com.ipinyou.testcase.dsp.del.DelOrder"/>
  <testcase name="check" time="2.154" classname="com.ipinyou.testcase.dsp.del.DelOrder"/>
  <testcase name="delorder" time="2.039" classname="com.ipinyou.testcase.dsp.del.DelOrder"/>
  <testcase name="datacheck" time="0.379" classname="com.ipinyou.testcase.dsp.del.DelOrder"/>
</testsuite> <!-- order function -->
