<?xml version="1.0" encoding="UTF-8"?>
<!-- Generated by org.testng.reporters.JUnitXMLReporter -->
<testsuite hostname="Brook" name="part function" tests="3" failures="0" timestamp="4 Nov 2013 09:38:36 GMT" time="9.089" errors="0">
  <testcase name="login" time="1.231" classname="com.ipinyou.testcase.mediamannage.Part"/>
  <testcase name="switchmedia" time="1.357" classname="com.ipinyou.testcase.mediamannage.Part"/>
  <testcase name="part" time="1.549" classname="com.ipinyou.testcase.mediamannage.Part"/>
</testsuite> <!-- part function -->
