<?xml version="1.0" encoding="UTF-8"?>
<!-- Generated by org.testng.reporters.JUnitXMLReporter -->
<testsuite hostname="FB3TPUDGHJIMGYE" name="position function" tests="5" failures="0" timestamp="12 Mar 2014 07:42:49 GMT" time="26.54" errors="0">
  <testcase name="login" time="1.535" classname="com.ipinyou.testcase.mediamannage.Position"/>
  <testcase name="switchmedia" time="2.893" classname="com.ipinyou.testcase.mediamannage.Position"/>
  <testcase name="position1" time="2.961" classname="com.ipinyou.testcase.mediamannage.Position"/>
  <testcase name="position2" time="2.95" classname="com.ipinyou.testcase.mediamannage.Position"/>
  <testcase name="check" time="2.834" classname="com.ipinyou.testcase.mediamannage.Position"/>
</testsuite> <!-- position function -->
