<?xml version="1.0" encoding="UTF-8"?>
<!-- Generated by org.testng.reporters.JUnitXMLReporter -->
<testsuite hostname="Brook" name="all function" tests="3" failures="0" timestamp="29 Sep 2013 03:45:08 GMT" time="11.707" errors="0">
  <testcase name="login" time="2.013" classname="com.ipinyou.testcase.Order"/>
  <testcase name="searchad" time="0.826" classname="com.ipinyou.testcase.Order"/>
  <testcase name="createorder" time="1.816" classname="com.ipinyou.testcase.Order"/>
</testsuite> <!-- all function -->
